<?xml version="1.0" encoding="UTF-8"?>
<!-- Generated by org.testng.reporters.JUnitReportReporter -->
<testsuite hostname="Ibrahims-MBP" failures="0" tests="2" name="allMethodTestNg.Explicitly_Time" time="2.976" errors="0" timestamp="2021-01-19T05:40:24 EST" skipped="0">
  <testcase classname="allMethodTestNg.Explicitly_Time" name="doLogIn" time="2.968"/>
  <system-out/>
  <testcase classname="allMethodTestNg.Explicitly_Time" name="verifieLoginTitle" time="0.008"/>
  <system-out/>
</testsuite> <!-- allMethodTestNg.Explicitly_Time -->
